This is pdfTeX, Version 3.14159265-2.6-1.40.20 (TeX Live 2019/Debian) (preloaded format=pdflatex 2024.12.3)  5 DEC 2024 12:26
entering extended mode
 restricted \write18 enabled.
 %&-line parsing enabled.
**/home/cun/Documents/LatexLab/extra2/musicTime/Main
(/home/cun/Documents/LatexLab/extra2/musicTime/Main.tex
LaTeX2e <2020-02-02> patch level 2
L3 programming layer <2020-02-14> (/usr/share/texlive/texmf-dist/tex/latex/base/article.cls
Document Class: article 2019/12/20 v1.4l Standard LaTeX document class
(/usr/share/texlive/texmf-dist/tex/latex/base/size12.clo
File: size12.clo 2019/12/20 v1.4l Standard LaTeX file (size option)
)
\c@part=\count167
\c@section=\count168
\c@subsection=\count169
\c@subsubsection=\count170
\c@paragraph=\count171
\c@subparagraph=\count172
\c@figure=\count173
\c@table=\count174
\abovecaptionskip=\skip47
\belowcaptionskip=\skip48
\bibindent=\dimen134
) (/usr/share/texlive/texmf-dist/tex/latex/geometry/geometry.sty
Package: geometry 2020/01/02 v5.9 Page Geometry
 (/usr/share/texlive/texmf-dist/tex/latex/graphics/keyval.sty
Package: keyval 2014/10/28 v1.15 key=value parser (DPC)
\KV@toks@=\toks14
) (/usr/share/texlive/texmf-dist/tex/generic/iftex/ifvtex.sty
Package: ifvtex 2019/10/25 v1.7 ifvtex legacy package. Use iftex instead.
 (/usr/share/texlive/texmf-dist/tex/generic/iftex/iftex.sty
Package: iftex 2019/11/07 v1.0c TeX engine tests
))
\Gm@cnth=\count175
\Gm@cntv=\count176
\c@Gm@tempcnt=\count177
\Gm@bindingoffset=\dimen135
\Gm@wd@mp=\dimen136
\Gm@odd@mp=\dimen137
\Gm@even@mp=\dimen138
\Gm@layoutwidth=\dimen139
\Gm@layoutheight=\dimen140
\Gm@layouthoffset=\dimen141
\Gm@layoutvoffset=\dimen142
\Gm@dimlist=\toks15
) (/usr/share/texlive/texmf-dist/tex/latex/base/inputenc.sty
Package: inputenc 2018/08/11 v1.3c Input encoding file
\inpenc@prehook=\toks16
\inpenc@posthook=\toks17
) (/usr/share/texlive/texmf-dist/tex/latex/musixtex/musixtex.sty (/usr/share/texlive/texmf-dist/tex/generic/musixtex/musixtex.tex
MusiXTeX(c) 1.29 <2018-08-04>
\n@i=\count178
\n@ii=\count179
\n@iii=\count180
\n@iv=\count181
\n@v=\count182
\n@vi=\count183
\n@vii=\count184
\n@viii=\count185
\count@=\count186
\toks@box=\box45
\w@rkbox=\box46
\n@otebox=\box47
\y@=\dimen143
\y@i=\dimen144
\y@ii=\dimen145
\y@iii=\dimen146
\y@iv=\dimen147
\y@v=\dimen148
\group@no=\count187
\interinstrument=\dimen149
\N@s=\count188
\s@Y=\dimen150
\lin@pos=\dimen151
\meet@minus@n@iv=\count189
\interbeam=\dimen152
\b@amthick=\dimen153
\Interligne=\dimen154
\Internote=\dimen155
\ch@box=\box48
\musicsize=\count190
\qd@skip=\dimen156
\qn@width=\dimen157
\wn@width=\dimen158
\txt@ff=\skip49
\s@indent=\skip50
\big@spc=\skip51
\lthick=\dimen159
\afterruleskip=\skip52
\staffbotmarg=\dimen160
\stafftopmarg=\dimen161
\line@width=\dimen162
\interportee=\dimen163
\noport@@=\count191
\noinstrum@nt=\count192
\altportee=\dimen164
\systemheight=\dimen165
\altplancher=\dimen166
\instrum@in@group=\skip53
\boxitsep=\skip54
\barsinpi@c@=\count193
\barno=\count194
\startbarno=\count195
\sign@skip=\dimen167
\maxsign@skip=\dimen168
\x@skip=\dimen169
\n@skip=\dimen170
\beforeruleskip=\skip55
\widthtyp@=\count196
\lastbarno=\count197
\cut@v=\skip56
\init@volta@pos=\skip57
\volta@startcor=\skip58
\volta@endcor=\skip59
\writ@volta@box=\box49
\barsinlin@=\count198
\maxbarsinlin@=\count199
\lastbarpos=\skip60
\ut@ref=\count266
\meterskip=\skip61
\t@c=\toks18
\clef@skip=\skip62
\noteskip=\dimen171
\transpose=\count267
\normaltranspose=\count268
\locx@skip=\dimen172
\elemskip=\dimen173
\@l@mskip=\dimen174
\inh@alt=\count269
\st@bot=\dimen175
\st@top=\dimen176
\stem@skip=\dimen177
\s@lope=\dimen178
\y@vi=\dimen179
\lift@rest=\dimen180
\accshift=\skip63
\@icresc=\skip64
\pdl@pos=\dimen181
\bigwedgebox=\box50
\@itrillei=\skip65
\@itrilleii=\skip66
\@itrilleiii=\skip67
\@itrilleiv=\skip68
\@itrillev=\skip69
\@itrillevi=\skip70
\tr@number=\count270
\tr@nspose=\count271
\o@swz=\toks19
\o@number=\count272
\y@vii=\dimen182
\y@viii=\dimen183
\y@ix=\dimen184
\tuptxtb@x=\box51
\notes@open=\count273
\k@ii=\skip71
\i@ni=\dimen185
\b@xi=\dimen186
\b@zi=\dimen187
\c@xi=\dimen188
\c@zi=\skip72
\d@xi=\dimen189
\d@zi=\skip73
\e@xi=\dimen190
\e@zi=\skip74
\b@pi=\count274
\b@ni=\count275
\n@pi=\count276
\a@si=\count277
\o@si=\count278
\a@ci=\toks20
\o@ci=\toks21
\m@ti=\toks22
\k@iii=\skip75
\i@nii=\dimen191
\b@xii=\dimen192
\b@zii=\dimen193
\c@xii=\dimen194
\c@zii=\skip76
\d@xii=\dimen195
\d@zii=\skip77
\e@xii=\dimen196
\e@zii=\skip78
\b@pii=\count279
\b@nii=\count280
\n@pii=\count281
\a@sii=\count282
\o@sii=\count283
\a@cii=\toks23
\o@cii=\toks24
\m@tii=\toks25
\k@iiii=\skip79
\i@niii=\dimen197
\b@xiii=\dimen198
\b@ziii=\dimen199
\c@xiii=\dimen256
\c@ziii=\skip80
\d@xiii=\dimen257
\d@ziii=\skip81
\e@xiii=\dimen258
\e@ziii=\skip82
\b@piii=\count284
\b@niii=\count285
\n@piii=\count286
\a@siii=\count287
\o@siii=\count288
\a@ciii=\toks26
\o@ciii=\toks27
\m@tiii=\toks28
\k@iiv=\skip83
\i@niv=\dimen259
\b@xiv=\dimen260
\b@ziv=\dimen261
\c@xiv=\dimen262
\c@ziv=\skip84
\d@xiv=\dimen263
\d@ziv=\skip85
\e@xiv=\dimen264
\e@ziv=\skip86
\b@piv=\count289
\b@niv=\count290
\n@piv=\count291
\a@siv=\count292
\o@siv=\count293
\a@civ=\toks29
\o@civ=\toks30
\m@tiv=\toks31
\k@iv=\skip87
\i@nv=\dimen265
\b@xv=\dimen266
\b@zv=\dimen267
\c@xv=\dimen268
\c@zv=\skip88
\d@xv=\dimen269
\d@zv=\skip89
\e@xv=\dimen270
\e@zv=\skip90
\b@pv=\count294
\b@nv=\count295
\n@pv=\count296
\a@sv=\count297
\o@sv=\count298
\a@cv=\toks32
\o@cv=\toks33
\m@tv=\toks34
\k@ivi=\skip91
\i@nvi=\dimen271
\b@xvi=\dimen272
\b@zvi=\dimen273
\c@xvi=\dimen274
\c@zvi=\skip92
\d@xvi=\dimen275
\d@zvi=\skip93
\e@xvi=\dimen276
\e@zvi=\skip94
\b@pvi=\count299
\b@nvi=\count300
\n@pvi=\count301
\a@svi=\count302
\o@svi=\count303
\a@cvi=\toks35
\o@cvi=\toks36
\m@tvi=\toks37
maxinstruments=6
\f@xi=\dimen277
\f@zi=\skip95
\f@xii=\dimen278
\f@zii=\skip96
\f@xiii=\dimen279
\f@ziii=\skip97
\f@xiv=\dimen280
\f@ziv=\skip98
\f@xv=\dimen281
\f@zv=\skip99
\f@xvi=\dimen282
\f@zvi=\skip100
 max128beams=6
\g@bi=\skip101
\g@hi=\skip102
\g@bii=\skip103
\g@hii=\skip104
\g@biii=\skip105
\g@hiii=\skip106
 maxgroups=3
\s@xi=\dimen283
\s@si=\toks38
\s@Yi=\dimen284
\s@ai=\skip107
\s@yi=\count304
\s@Ni=\count305
\s@zi=\count306
\s@di=\toks39
\s@xii=\dimen285
\s@sii=\toks40
\s@Yii=\dimen286
\s@aii=\skip108
\s@yii=\count307
\s@Nii=\count308
\s@zii=\count309
\s@dii=\toks41
\s@xiii=\dimen287
\s@siii=\toks42
\s@Yiii=\dimen288
\s@aiii=\skip109
\s@yiii=\count310
\s@Niii=\count311
\s@ziii=\count312
\s@diii=\toks43
\s@xiv=\dimen289
\s@siv=\toks44
\s@Yiv=\dimen290
\s@aiv=\skip110
\s@yiv=\count313
\s@Niv=\count314
\s@ziv=\count315
\s@div=\toks45
\s@xv=\dimen291
\s@sv=\toks46
\s@Yv=\dimen292
\s@av=\skip111
\s@yv=\count316
\s@Nv=\count317
\s@zv=\count318
\s@dv=\toks47
\s@xvi=\dimen293
\s@svi=\toks48
\s@Yvi=\dimen294
\s@avi=\skip112
\s@yvi=\count319
\s@Nvi=\count320
\s@zvi=\count321
\s@dvi=\toks49
 maxslurs=6
\tr@xi=\skip113
\tr@swi=\toks50
\tr@yi=\skip114
\tr@xii=\skip115
\tr@swii=\toks51
\tr@yii=\skip116
\tr@xiii=\skip117
\tr@swiii=\toks52
\tr@yiii=\skip118
\tr@xiv=\skip119
\tr@swiv=\toks53
\tr@yiv=\skip120
\tr@xv=\skip121
\tr@swv=\toks54
\tr@yv=\skip122
\tr@xvi=\skip123
\tr@swvi=\toks55
\tr@yvi=\skip124
 maxtrills=6
\o@xi=\skip125
\o@yi=\skip126
\o@swi=\toks56
\o@xii=\skip127
\o@yii=\skip128
\o@swii=\toks57
\o@xiii=\skip129
\o@yiii=\skip130
\o@swiii=\toks58
\o@xiv=\skip131
\o@yiv=\skip132
\o@swiv=\toks59
\o@xv=\skip133
\o@yv=\skip134
\o@swv=\toks60
\o@xvi=\skip135
\o@yvi=\skip136
\o@swvi=\toks61
 maxoctlines=6
\outmux=\write3
\mulooseness=\count322
\linegoal=\count323
\l@eftrightbox=\box52
\stringraise=\count324
\inmux=\read2
) (/usr/share/texlive/texmf-dist/tex/latex/musixtex/musixltx.tex
MusiXLaTeX T.125 <8 April 2017>
)) (/usr/share/texlive/texmf-dist/tex/latex/l3backend/l3backend-pdfmode.def
File: l3backend-pdfmode.def 2020-02-03 L3 backend support: PDF mode
\l__kernel_color_stack_int=\count325
\l__pdf_internal_box=\box53
) (./Main.aux)
\openout1 = `Main.aux'.

LaTeX Font Info:    Checking defaults for OML/cmm/m/it on input line 7.
LaTeX Font Info:    ... okay on input line 7.
LaTeX Font Info:    Checking defaults for OMS/cmsy/m/n on input line 7.
LaTeX Font Info:    ... okay on input line 7.
LaTeX Font Info:    Checking defaults for OT1/cmr/m/n on input line 7.
LaTeX Font Info:    ... okay on input line 7.
LaTeX Font Info:    Checking defaults for T1/cmr/m/n on input line 7.
LaTeX Font Info:    ... okay on input line 7.
LaTeX Font Info:    Checking defaults for TS1/cmr/m/n on input line 7.
LaTeX Font Info:    ... okay on input line 7.
LaTeX Font Info:    Checking defaults for OMX/cmex/m/n on input line 7.
LaTeX Font Info:    ... okay on input line 7.
LaTeX Font Info:    Checking defaults for U/cmr/m/n on input line 7.
LaTeX Font Info:    ... okay on input line 7.

*geometry* driver: auto-detecting
*geometry* detected driver: pdftex
*geometry* verbose mode - [ preamble ] result:
* driver: pdftex
* paper: a4paper
* layout: <same size as paper>
* layoutoffset:(h,v)=(0.0pt,0.0pt)
* modes: 
* h-part:(L,W,R)=(56.9055pt, 483.69687pt, 56.9055pt)
* v-part:(T,H,B)=(142.26378pt, 645.87756pt, 56.9055pt)
* \paperwidth=597.50787pt
* \paperheight=845.04684pt
* \textwidth=483.69687pt
* \textheight=645.87756pt
* \oddsidemargin=-15.36449pt
* \evensidemargin=-15.36449pt
* \topmargin=32.99379pt
* \headheight=12.0pt
* \headsep=25.0pt
* \topskip=12.0pt
* \footskip=30.0pt
* \marginparwidth=44.0pt
* \marginparsep=10.0pt
* \columnsep=10.0pt
* \skip\footins=10.8pt plus 4.0pt minus 2.0pt
* \hoffset=0.0pt
* \voffset=0.0pt
* \mag=1000
* \@twocolumnfalse
* \@twosidefalse
* \@mparswitchfalse
* \@reversemarginfalse
* (1in=72.27pt=25.4mm, 1cm=28.453pt)

\openout3 = `Main.mx1'.

bar 1 bar 2 bar 3 bar 4 bar 5 bar 6 bar 1 bar 2 [1

{/var/lib/texmf/fonts/map/pdftex/updmap/pdftex.map}] (./Main.aux) ) 
Here is how much of TeX's memory you used:
 2943 strings out of 481239
 29627 string characters out of 5920377
 276309 words of memory out of 5000000
 18177 multiletter control sequences out of 15000+600000
 601654 words of font info for 167 fonts, out of 8000000 for 9000
 1141 hyphenation exceptions out of 8191
 30i,4n,34p,209b,292s stack positions out of 5000i,500n,10000p,200000b,80000s
</usr/share/texlive/texmf-dist/fonts/type1/public/amsfonts/cm/cmbx12.pfb></usr/share/texlive/texmf-dist/fonts/type1/public/amsfonts/cm/cmr12.pfb></usr/share/texlive/texmf-dist/fonts/type1/public/amsfonts/cm/cmti12.pfb></usr/share/texlive/texmf-dist/fonts/type1/public/musixtex-fonts/musix20.pfb>
Output written on Main.pdf (1 page, 32706 bytes).
PDF statistics:
 24 PDF objects out of 1000 (max. 8388607)
 16 compressed objects within 1 object stream
 0 named destinations out of 1000 (max. 500000)
 1 words of extra memory for PDF output out of 10000 (max. 10000000)

